mode: set
github.com/shiningy/nomadcoin/utils/utils.go:16.27,17.16 1 1
github.com/shiningy/nomadcoin/utils/utils.go:17.16,19.3 1 1
github.com/shiningy/nomadcoin/utils/utils.go:22.36,27.2 4 1
github.com/shiningy/nomadcoin/utils/utils.go:30.44,33.2 2 1
github.com/shiningy/nomadcoin/utils/utils.go:36.33,40.2 3 1
github.com/shiningy/nomadcoin/utils/utils.go:42.51,44.18 2 1
github.com/shiningy/nomadcoin/utils/utils.go:47.2,47.13 1 1
github.com/shiningy/nomadcoin/utils/utils.go:44.18,46.3 1 1
github.com/shiningy/nomadcoin/utils/utils.go:50.35,54.2 3 1
github.com/shiningy/nomadcoin/wallet/wallet.go:28.35,31.2 2 0
github.com/shiningy/nomadcoin/wallet/wallet.go:33.74,35.2 1 0
github.com/shiningy/nomadcoin/wallet/wallet.go:37.52,39.2 1 0
github.com/shiningy/nomadcoin/wallet/wallet.go:50.40,54.2 3 1
github.com/shiningy/nomadcoin/wallet/wallet.go:56.40,61.2 4 1
github.com/shiningy/nomadcoin/wallet/wallet.go:63.43,69.2 5 1
github.com/shiningy/nomadcoin/wallet/wallet.go:71.40,74.2 2 1
github.com/shiningy/nomadcoin/wallet/wallet.go:76.43,78.2 1 1
github.com/shiningy/nomadcoin/wallet/wallet.go:80.45,86.2 5 1
github.com/shiningy/nomadcoin/wallet/wallet.go:88.65,90.16 2 1
github.com/shiningy/nomadcoin/wallet/wallet.go:93.2,98.26 6 1
github.com/shiningy/nomadcoin/wallet/wallet.go:90.16,92.3 1 1
github.com/shiningy/nomadcoin/wallet/wallet.go:101.54,115.2 9 1
github.com/shiningy/nomadcoin/wallet/wallet.go:117.23,118.14 1 1
github.com/shiningy/nomadcoin/wallet/wallet.go:129.2,129.10 1 1
github.com/shiningy/nomadcoin/wallet/wallet.go:118.14,120.28 2 1
github.com/shiningy/nomadcoin/wallet/wallet.go:127.3,127.35 1 1
github.com/shiningy/nomadcoin/wallet/wallet.go:120.28,122.4 1 1
github.com/shiningy/nomadcoin/wallet/wallet.go:122.9,126.4 3 1
github.com/shiningy/nomadcoin/blockchain/block.go:21.29,23.2 1 1
github.com/shiningy/nomadcoin/blockchain/block.go:27.38,29.2 1 1
github.com/shiningy/nomadcoin/blockchain/block.go:31.45,33.23 2 1
github.com/shiningy/nomadcoin/blockchain/block.go:36.2,38.19 3 1
github.com/shiningy/nomadcoin/blockchain/block.go:33.23,35.3 1 1
github.com/shiningy/nomadcoin/blockchain/block.go:41.24,43.6 2 1
github.com/shiningy/nomadcoin/blockchain/block.go:43.6,46.38 3 1
github.com/shiningy/nomadcoin/blockchain/block.go:46.38,48.9 2 1
github.com/shiningy/nomadcoin/blockchain/block.go:49.9,51.4 1 1
github.com/shiningy/nomadcoin/blockchain/block.go:55.64,67.2 5 1
github.com/shiningy/nomadcoin/blockchain/chain.go:38.43,40.2 1 1
github.com/shiningy/nomadcoin/blockchain/chain.go:42.40,49.2 6 1
github.com/shiningy/nomadcoin/blockchain/chain.go:51.39,53.2 1 1
github.com/shiningy/nomadcoin/blockchain/chain.go:55.37,60.6 5 1
github.com/shiningy/nomadcoin/blockchain/chain.go:69.2,69.15 1 1
github.com/shiningy/nomadcoin/blockchain/chain.go:60.6,63.27 3 1
github.com/shiningy/nomadcoin/blockchain/chain.go:63.27,65.4 1 1
github.com/shiningy/nomadcoin/blockchain/chain.go:65.9,66.9 1 1
github.com/shiningy/nomadcoin/blockchain/chain.go:72.31,74.34 2 1
github.com/shiningy/nomadcoin/blockchain/chain.go:77.2,77.12 1 1
github.com/shiningy/nomadcoin/blockchain/chain.go:74.34,76.3 1 1
github.com/shiningy/nomadcoin/blockchain/chain.go:80.49,81.28 1 1
github.com/shiningy/nomadcoin/blockchain/chain.go:86.2,86.12 1 1
github.com/shiningy/nomadcoin/blockchain/chain.go:81.28,82.24 1 1
github.com/shiningy/nomadcoin/blockchain/chain.go:82.24,84.4 1 1
github.com/shiningy/nomadcoin/blockchain/chain.go:89.47,95.49 6 0
github.com/shiningy/nomadcoin/blockchain/chain.go:100.2,100.28 1 0
github.com/shiningy/nomadcoin/blockchain/chain.go:95.49,97.3 1 0
github.com/shiningy/nomadcoin/blockchain/chain.go:97.8,97.56 1 0
github.com/shiningy/nomadcoin/blockchain/chain.go:97.56,99.3 1 0
github.com/shiningy/nomadcoin/blockchain/chain.go:103.39,104.19 1 1
github.com/shiningy/nomadcoin/blockchain/chain.go:104.19,106.3 1 1
github.com/shiningy/nomadcoin/blockchain/chain.go:106.8,106.45 1 0
github.com/shiningy/nomadcoin/blockchain/chain.go:106.45,108.3 1 0
github.com/shiningy/nomadcoin/blockchain/chain.go:108.8,110.3 1 0
github.com/shiningy/nomadcoin/blockchain/chain.go:113.64,117.34 3 0
github.com/shiningy/nomadcoin/blockchain/chain.go:139.2,139.16 1 0
github.com/shiningy/nomadcoin/blockchain/chain.go:117.34,118.41 1 0
github.com/shiningy/nomadcoin/blockchain/chain.go:118.41,119.35 1 0
github.com/shiningy/nomadcoin/blockchain/chain.go:127.4,127.41 1 0
github.com/shiningy/nomadcoin/blockchain/chain.go:119.35,120.38 1 0
github.com/shiningy/nomadcoin/blockchain/chain.go:123.5,123.69 1 0
github.com/shiningy/nomadcoin/blockchain/chain.go:120.38,121.11 1 0
github.com/shiningy/nomadcoin/blockchain/chain.go:123.69,125.6 1 0
github.com/shiningy/nomadcoin/blockchain/chain.go:127.41,128.34 1 0
github.com/shiningy/nomadcoin/blockchain/chain.go:128.34,129.41 1 0
github.com/shiningy/nomadcoin/blockchain/chain.go:129.41,131.31 2 0
github.com/shiningy/nomadcoin/blockchain/chain.go:131.31,133.8 1 0
github.com/shiningy/nomadcoin/blockchain/chain.go:142.58,145.31 3 0
github.com/shiningy/nomadcoin/blockchain/chain.go:148.2,148.15 1 0
github.com/shiningy/nomadcoin/blockchain/chain.go:145.31,147.3 1 0
github.com/shiningy/nomadcoin/blockchain/chain.go:151.31,152.17 1 1
github.com/shiningy/nomadcoin/blockchain/chain.go:163.2,163.10 1 1
github.com/shiningy/nomadcoin/blockchain/chain.go:152.17,157.24 3 1
github.com/shiningy/nomadcoin/blockchain/chain.go:157.24,159.4 1 1
github.com/shiningy/nomadcoin/blockchain/chain.go:159.9,161.4 1 1
github.com/shiningy/nomadcoin/blockchain/chain.go:166.52,170.2 3 0
github.com/shiningy/nomadcoin/blockchain/chain.go:172.50,180.34 8 0
github.com/shiningy/nomadcoin/blockchain/chain.go:180.34,182.3 1 0
github.com/shiningy/nomadcoin/blockchain/chain.go:185.52,198.43 10 0
github.com/shiningy/nomadcoin/blockchain/chain.go:198.43,200.9 2 0
github.com/shiningy/nomadcoin/blockchain/chain.go:200.9,202.4 1 0
github.com/shiningy/nomadcoin/blockchain/transactions.go:24.25,25.20 1 1
github.com/shiningy/nomadcoin/blockchain/transactions.go:30.2,30.10 1 1
github.com/shiningy/nomadcoin/blockchain/transactions.go:25.20,29.3 1 1
github.com/shiningy/nomadcoin/blockchain/transactions.go:57.22,59.2 1 1
github.com/shiningy/nomadcoin/blockchain/transactions.go:61.21,62.31 1 0
github.com/shiningy/nomadcoin/blockchain/transactions.go:62.31,64.3 1 0
github.com/shiningy/nomadcoin/blockchain/transactions.go:67.28,69.32 2 0
github.com/shiningy/nomadcoin/blockchain/transactions.go:81.2,81.14 1 0
github.com/shiningy/nomadcoin/blockchain/transactions.go:69.32,71.20 2 0
github.com/shiningy/nomadcoin/blockchain/transactions.go:75.3,77.13 3 0
github.com/shiningy/nomadcoin/blockchain/transactions.go:71.20,73.9 2 0
github.com/shiningy/nomadcoin/blockchain/transactions.go:77.13,78.9 1 0
github.com/shiningy/nomadcoin/blockchain/transactions.go:84.48,86.35 1 0
github.com/shiningy/nomadcoin/blockchain/transactions.go:94.2,94.8 1 0
github.com/shiningy/nomadcoin/blockchain/transactions.go:86.35,87.34 1 0
github.com/shiningy/nomadcoin/blockchain/transactions.go:87.34,88.64 1 0
github.com/shiningy/nomadcoin/blockchain/transactions.go:88.64,90.16 2 0
github.com/shiningy/nomadcoin/blockchain/transactions.go:97.41,112.2 5 1
github.com/shiningy/nomadcoin/blockchain/transactions.go:117.55,118.51 1 0
github.com/shiningy/nomadcoin/blockchain/transactions.go:121.2,125.33 5 0
github.com/shiningy/nomadcoin/blockchain/transactions.go:133.2,133.43 1 0
github.com/shiningy/nomadcoin/blockchain/transactions.go:137.2,148.12 7 0
github.com/shiningy/nomadcoin/blockchain/transactions.go:151.2,151.16 1 0
github.com/shiningy/nomadcoin/blockchain/transactions.go:118.51,120.3 1 0
github.com/shiningy/nomadcoin/blockchain/transactions.go:125.33,126.22 1 0
github.com/shiningy/nomadcoin/blockchain/transactions.go:129.3,131.25 3 0
github.com/shiningy/nomadcoin/blockchain/transactions.go:126.22,127.9 1 0
github.com/shiningy/nomadcoin/blockchain/transactions.go:133.43,136.3 2 0
github.com/shiningy/nomadcoin/blockchain/transactions.go:148.12,150.3 1 0
github.com/shiningy/nomadcoin/blockchain/transactions.go:154.61,156.16 2 0
github.com/shiningy/nomadcoin/blockchain/transactions.go:159.2,160.16 2 0
github.com/shiningy/nomadcoin/blockchain/transactions.go:156.16,158.3 1 0
github.com/shiningy/nomadcoin/blockchain/transactions.go:163.39,166.27 3 1
github.com/shiningy/nomadcoin/blockchain/transactions.go:169.2,171.12 3 1
github.com/shiningy/nomadcoin/blockchain/transactions.go:166.27,168.3 1 1
github.com/shiningy/nomadcoin/blockchain/transactions.go:174.37,179.2 3 0
