mode: set
github.com/shiningy/nomadcoin/utils/utils.go:16.27,17.16 1 1
github.com/shiningy/nomadcoin/utils/utils.go:17.16,19.3 1 1
github.com/shiningy/nomadcoin/utils/utils.go:22.36,27.2 4 1
github.com/shiningy/nomadcoin/utils/utils.go:30.44,33.2 2 1
github.com/shiningy/nomadcoin/utils/utils.go:36.33,40.2 3 1
github.com/shiningy/nomadcoin/utils/utils.go:42.51,44.18 2 1
github.com/shiningy/nomadcoin/utils/utils.go:47.2,47.13 1 1
github.com/shiningy/nomadcoin/utils/utils.go:44.18,46.3 1 1
github.com/shiningy/nomadcoin/utils/utils.go:50.35,54.2 3 1
github.com/shiningy/nomadcoin/wallet/wallet.go:27.27,30.2 2 0
github.com/shiningy/nomadcoin/wallet/wallet.go:32.40,36.2 3 0
github.com/shiningy/nomadcoin/wallet/wallet.go:38.40,43.2 4 0
github.com/shiningy/nomadcoin/wallet/wallet.go:45.43,51.2 5 0
github.com/shiningy/nomadcoin/wallet/wallet.go:53.40,56.2 2 1
github.com/shiningy/nomadcoin/wallet/wallet.go:58.43,60.2 1 1
github.com/shiningy/nomadcoin/wallet/wallet.go:62.45,68.2 5 1
github.com/shiningy/nomadcoin/wallet/wallet.go:70.65,72.16 2 1
github.com/shiningy/nomadcoin/wallet/wallet.go:75.2,80.26 6 1
github.com/shiningy/nomadcoin/wallet/wallet.go:72.16,74.3 1 1
github.com/shiningy/nomadcoin/wallet/wallet.go:83.54,97.2 9 1
github.com/shiningy/nomadcoin/wallet/wallet.go:99.23,100.14 1 0
github.com/shiningy/nomadcoin/wallet/wallet.go:111.2,111.10 1 0
github.com/shiningy/nomadcoin/wallet/wallet.go:100.14,102.22 2 0
github.com/shiningy/nomadcoin/wallet/wallet.go:109.3,109.35 1 0
github.com/shiningy/nomadcoin/wallet/wallet.go:102.22,104.4 1 0
github.com/shiningy/nomadcoin/wallet/wallet.go:104.9,108.4 3 0
